CRITICAL - 2024-02-07 11:14:47 --> ErrorException: include(app\Views\AdminPage\include\header.php): Failed to open stream: No such file or directory
in APPPATH\Views\AdminPage\chats.php on line 42.
 1 APPPATH\Views\AdminPage\chats.php(42): CodeIgniter\Debug\Exceptions->errorHandler(2, 'include(app\\Views\\AdminPage\\include\\header.php): Failed to open stream: No such file or directory', 'C:\\laragon\\www\\NewJournal\\app\\Views\\AdminPage\\chats.php', 42)
 2 APPPATH\Views\AdminPage\chats.php(42): include()
 3 SYSTEMPATH\View\View.php(228): include('C:\\laragon\\www\\NewJournal\\app\\Views\\AdminPage\\chats.php')
 4 SYSTEMPATH\View\View.php(231): CodeIgniter\View\View->CodeIgniter\View\{closure}()
 5 SYSTEMPATH\Common.php(1178): CodeIgniter\View\View->render('AdminPage/chats', [], true)
 6 APPPATH\Controllers\AdminController.php(37): view('AdminPage/chats')
 7 SYSTEMPATH\CodeIgniter.php(941): App\Controllers\AdminController->chats()
 8 SYSTEMPATH\CodeIgniter.php(502): CodeIgniter\CodeIgniter->runController(Object(App\Controllers\AdminController))
 9 SYSTEMPATH\CodeIgniter.php(361): CodeIgniter\CodeIgniter->handleRequest(null, Object(Config\Cache), false)
10 FCPATH\index.php(79): CodeIgniter\CodeIgniter->run()
11 SYSTEMPATH\Commands\Server\rewrite.php(47): require_once('C:\\laragon\\www\\NewJournal\\public\\index.php')
CRITICAL - 2024-02-07 11:24:17 --> ErrorException: include(include\header.php): Failed to open stream: No such file or directory
in APPPATH\Views\AdminPage\chats.php on line 42.
 1 APPPATH\Views\AdminPage\chats.php(42): CodeIgniter\Debug\Exceptions->errorHandler(2, 'include(include\\header.php): Failed to open stream: No such file or directory', 'C:\\laragon\\www\\NewJournal\\app\\Views\\AdminPage\\chats.php', 42)
 2 APPPATH\Views\AdminPage\chats.php(42): include()
 3 SYSTEMPATH\View\View.php(228): include('C:\\laragon\\www\\NewJournal\\app\\Views\\AdminPage\\chats.php')
 4 SYSTEMPATH\View\View.php(231): CodeIgniter\View\View->CodeIgniter\View\{closure}()
 5 SYSTEMPATH\Common.php(1178): CodeIgniter\View\View->render('AdminPage/chats', [], true)
 6 APPPATH\Controllers\AdminController.php(37): view('AdminPage/chats')
 7 SYSTEMPATH\CodeIgniter.php(941): App\Controllers\AdminController->chats()
 8 SYSTEMPATH\CodeIgniter.php(502): CodeIgniter\CodeIgniter->runController(Object(App\Controllers\AdminController))
 9 SYSTEMPATH\CodeIgniter.php(361): CodeIgniter\CodeIgniter->handleRequest(null, Object(Config\Cache), false)
10 FCPATH\index.php(79): CodeIgniter\CodeIgniter->run()
11 SYSTEMPATH\Commands\Server\rewrite.php(47): require_once('C:\\laragon\\www\\NewJournal\\public\\index.php')
CRITICAL - 2024-02-07 11:24:36 --> ErrorException: include(include\header.php): Failed to open stream: No such file or directory
in APPPATH\Views\AdminPage\chats.php on line 42.
 1 APPPATH\Views\AdminPage\chats.php(42): CodeIgniter\Debug\Exceptions->errorHandler(2, 'include(include\\header.php): Failed to open stream: No such file or directory', 'C:\\laragon\\www\\NewJournal\\app\\Views\\AdminPage\\chats.php', 42)
 2 APPPATH\Views\AdminPage\chats.php(42): include()
 3 SYSTEMPATH\View\View.php(228): include('C:\\laragon\\www\\NewJournal\\app\\Views\\AdminPage\\chats.php')
 4 SYSTEMPATH\View\View.php(231): CodeIgniter\View\View->CodeIgniter\View\{closure}()
 5 SYSTEMPATH\Common.php(1178): CodeIgniter\View\View->render('AdminPage/chats', [], true)
 6 APPPATH\Controllers\AdminController.php(37): view('AdminPage/chats')
 7 SYSTEMPATH\CodeIgniter.php(941): App\Controllers\AdminController->chats()
 8 SYSTEMPATH\CodeIgniter.php(502): CodeIgniter\CodeIgniter->runController(Object(App\Controllers\AdminController))
 9 SYSTEMPATH\CodeIgniter.php(361): CodeIgniter\CodeIgniter->handleRequest(null, Object(Config\Cache), false)
10 FCPATH\index.php(79): CodeIgniter\CodeIgniter->run()
11 SYSTEMPATH\Commands\Server\rewrite.php(47): require_once('C:\\laragon\\www\\NewJournal\\public\\index.php')
CRITICAL - 2024-02-07 11:24:55 --> ErrorException: include(include\header.php): Failed to open stream: No such file or directory
in APPPATH\Views\AdminPage\managenews.php on line 49.
 1 APPPATH\Views\AdminPage\managenews.php(49): CodeIgniter\Debug\Exceptions->errorHandler(2, 'include(include\\header.php): Failed to open stream: No such file or directory', 'C:\\laragon\\www\\NewJournal\\app\\Views\\AdminPage\\managenews.php', 49)
 2 APPPATH\Views\AdminPage\managenews.php(49): include()
 3 SYSTEMPATH\View\View.php(228): include('C:\\laragon\\www\\NewJournal\\app\\Views\\AdminPage\\managenews.php')
 4 SYSTEMPATH\View\View.php(231): CodeIgniter\View\View->CodeIgniter\View\{closure}()
 5 SYSTEMPATH\Common.php(1178): CodeIgniter\View\View->render('AdminPage/managenews', [], true)
 6 APPPATH\Controllers\AdminController.php(27): view('AdminPage/managenews')
 7 SYSTEMPATH\CodeIgniter.php(941): App\Controllers\AdminController->managenews()
 8 SYSTEMPATH\CodeIgniter.php(502): CodeIgniter\CodeIgniter->runController(Object(App\Controllers\AdminController))
 9 SYSTEMPATH\CodeIgniter.php(361): CodeIgniter\CodeIgniter->handleRequest(null, Object(Config\Cache), false)
10 FCPATH\index.php(79): CodeIgniter\CodeIgniter->run()
11 SYSTEMPATH\Commands\Server\rewrite.php(47): require_once('C:\\laragon\\www\\NewJournal\\public\\index.php')
CRITICAL - 2024-02-07 11:25:26 --> ErrorException: include(AdminPage\include\header.php): Failed to open stream: No such file or directory
in APPPATH\Views\AdminPage\chats.php on line 42.
 1 APPPATH\Views\AdminPage\chats.php(42): CodeIgniter\Debug\Exceptions->errorHandler(2, 'include(AdminPage\\include\\header.php): Failed to open stream: No such file or directory', 'C:\\laragon\\www\\NewJournal\\app\\Views\\AdminPage\\chats.php', 42)
 2 APPPATH\Views\AdminPage\chats.php(42): include()
 3 SYSTEMPATH\View\View.php(228): include('C:\\laragon\\www\\NewJournal\\app\\Views\\AdminPage\\chats.php')
 4 SYSTEMPATH\View\View.php(231): CodeIgniter\View\View->CodeIgniter\View\{closure}()
 5 SYSTEMPATH\Common.php(1178): CodeIgniter\View\View->render('AdminPage/chats', [], true)
 6 APPPATH\Controllers\AdminController.php(37): view('AdminPage/chats')
 7 SYSTEMPATH\CodeIgniter.php(941): App\Controllers\AdminController->chats()
 8 SYSTEMPATH\CodeIgniter.php(502): CodeIgniter\CodeIgniter->runController(Object(App\Controllers\AdminController))
 9 SYSTEMPATH\CodeIgniter.php(361): CodeIgniter\CodeIgniter->handleRequest(null, Object(Config\Cache), false)
10 FCPATH\index.php(79): CodeIgniter\CodeIgniter->run()
11 SYSTEMPATH\Commands\Server\rewrite.php(47): require_once('C:\\laragon\\www\\NewJournal\\public\\index.php')
CRITICAL - 2024-02-07 11:25:28 --> ErrorException: include(AdminPage\include\header.php): Failed to open stream: No such file or directory
in APPPATH\Views\AdminPage\chats.php on line 42.
 1 APPPATH\Views\AdminPage\chats.php(42): CodeIgniter\Debug\Exceptions->errorHandler(2, 'include(AdminPage\\include\\header.php): Failed to open stream: No such file or directory', 'C:\\laragon\\www\\NewJournal\\app\\Views\\AdminPage\\chats.php', 42)
 2 APPPATH\Views\AdminPage\chats.php(42): include()
 3 SYSTEMPATH\View\View.php(228): include('C:\\laragon\\www\\NewJournal\\app\\Views\\AdminPage\\chats.php')
 4 SYSTEMPATH\View\View.php(231): CodeIgniter\View\View->CodeIgniter\View\{closure}()
 5 SYSTEMPATH\Common.php(1178): CodeIgniter\View\View->render('AdminPage/chats', [], true)
 6 APPPATH\Controllers\AdminController.php(37): view('AdminPage/chats')
 7 SYSTEMPATH\CodeIgniter.php(941): App\Controllers\AdminController->chats()
 8 SYSTEMPATH\CodeIgniter.php(502): CodeIgniter\CodeIgniter->runController(Object(App\Controllers\AdminController))
 9 SYSTEMPATH\CodeIgniter.php(361): CodeIgniter\CodeIgniter->handleRequest(null, Object(Config\Cache), false)
10 FCPATH\index.php(79): CodeIgniter\CodeIgniter->run()
11 SYSTEMPATH\Commands\Server\rewrite.php(47): require_once('C:\\laragon\\www\\NewJournal\\public\\index.php')
CRITICAL - 2024-02-07 12:59:49 --> Error: Call to a member function move() on null
in APPPATH\Controllers\UserController.php on line 88.
 1 SYSTEMPATH\CodeIgniter.php(941): App\Controllers\UserController->store()
 2 SYSTEMPATH\CodeIgniter.php(502): CodeIgniter\CodeIgniter->runController(Object(App\Controllers\UserController))
 3 SYSTEMPATH\CodeIgniter.php(361): CodeIgniter\CodeIgniter->handleRequest(null, Object(Config\Cache), false)
 4 FCPATH\index.php(79): CodeIgniter\CodeIgniter->run()
 5 SYSTEMPATH\Commands\Server\rewrite.php(47): require_once('C:\\laragon\\www\\NewJournal\\public\\index.php')
CRITICAL - 2024-02-07 13:24:34 --> ErrorException: Undefined variable $userData
in APPPATH\Views\AdminPage\manageprofile.php on line 216.
 1 APPPATH\Views\AdminPage\manageprofile.php(216): CodeIgniter\Debug\Exceptions->errorHandler(2, 'Undefined variable $userData', 'C:\\laragon\\www\\NewJournal\\app\\Views\\AdminPage\\manageprofile.php', 216)
 2 SYSTEMPATH\View\View.php(228): include('C:\\laragon\\www\\NewJournal\\app\\Views\\AdminPage\\manageprofile.php')
 3 SYSTEMPATH\View\View.php(231): CodeIgniter\View\View->CodeIgniter\View\{closure}()
 4 SYSTEMPATH\Common.php(1178): CodeIgniter\View\View->render('AdminPage/manageprofile', [], true)
 5 APPPATH\Controllers\AdminController.php(17): view('AdminPage/manageprofile')
 6 SYSTEMPATH\CodeIgniter.php(941): App\Controllers\AdminController->manageprofile()
 7 SYSTEMPATH\CodeIgniter.php(502): CodeIgniter\CodeIgniter->runController(Object(App\Controllers\AdminController))
 8 SYSTEMPATH\CodeIgniter.php(361): CodeIgniter\CodeIgniter->handleRequest(null, Object(Config\Cache), false)
 9 FCPATH\index.php(79): CodeIgniter\CodeIgniter->run()
10 SYSTEMPATH\Commands\Server\rewrite.php(47): require_once('C:\\laragon\\www\\NewJournal\\public\\index.php')
CRITICAL - 2024-02-07 13:57:17 --> ErrorException: Undefined array key "profile_image"
in APPPATH\Views\AdminPage\manageprofile.php on line 222.
 1 APPPATH\Views\AdminPage\manageprofile.php(222): CodeIgniter\Debug\Exceptions->errorHandler(2, 'Undefined array key "profile_image"', 'C:\\laragon\\www\\NewJournal\\app\\Views\\AdminPage\\manageprofile.php', 222)
 2 SYSTEMPATH\View\View.php(228): include('C:\\laragon\\www\\NewJournal\\app\\Views\\AdminPage\\manageprofile.php')
 3 SYSTEMPATH\View\View.php(231): CodeIgniter\View\View->CodeIgniter\View\{closure}()
 4 SYSTEMPATH\Common.php(1178): CodeIgniter\View\View->render('AdminPage/manageprofile', [], true)
 5 APPPATH\Controllers\AdminController.php(24): view('AdminPage/manageprofile', [...])
 6 SYSTEMPATH\CodeIgniter.php(941): App\Controllers\AdminController->manageProfile()
 7 SYSTEMPATH\CodeIgniter.php(502): CodeIgniter\CodeIgniter->runController(Object(App\Controllers\AdminController))
 8 SYSTEMPATH\CodeIgniter.php(361): CodeIgniter\CodeIgniter->handleRequest(null, Object(Config\Cache), false)
 9 FCPATH\index.php(79): CodeIgniter\CodeIgniter->run()
10 SYSTEMPATH\Commands\Server\rewrite.php(47): require_once('C:\\laragon\\www\\NewJournal\\public\\index.php')
CRITICAL - 2024-02-07 13:59:05 --> ErrorException: Undefined array key "profile_image"
in APPPATH\Views\AdminPage\manageprofile.php on line 222.
 1 APPPATH\Views\AdminPage\manageprofile.php(222): CodeIgniter\Debug\Exceptions->errorHandler(2, 'Undefined array key "profile_image"', 'C:\\laragon\\www\\NewJournal\\app\\Views\\AdminPage\\manageprofile.php', 222)
 2 SYSTEMPATH\View\View.php(228): include('C:\\laragon\\www\\NewJournal\\app\\Views\\AdminPage\\manageprofile.php')
 3 SYSTEMPATH\View\View.php(231): CodeIgniter\View\View->CodeIgniter\View\{closure}()
 4 SYSTEMPATH\Common.php(1178): CodeIgniter\View\View->render('AdminPage/manageprofile', [], true)
 5 APPPATH\Controllers\AdminController.php(24): view('AdminPage/manageprofile', [...])
 6 SYSTEMPATH\CodeIgniter.php(941): App\Controllers\AdminController->manageProfile()
 7 SYSTEMPATH\CodeIgniter.php(502): CodeIgniter\CodeIgniter->runController(Object(App\Controllers\AdminController))
 8 SYSTEMPATH\CodeIgniter.php(361): CodeIgniter\CodeIgniter->handleRequest(null, Object(Config\Cache), false)
 9 FCPATH\index.php(79): CodeIgniter\CodeIgniter->run()
10 SYSTEMPATH\Commands\Server\rewrite.php(47): require_once('C:\\laragon\\www\\NewJournal\\public\\index.php')
CRITICAL - 2024-02-07 13:59:30 --> ErrorException: Undefined array key "profile_image"
in APPPATH\Views\AdminPage\manageprofile.php on line 222.
 1 APPPATH\Views\AdminPage\manageprofile.php(222): CodeIgniter\Debug\Exceptions->errorHandler(2, 'Undefined array key "profile_image"', 'C:\\laragon\\www\\NewJournal\\app\\Views\\AdminPage\\manageprofile.php', 222)
 2 SYSTEMPATH\View\View.php(228): include('C:\\laragon\\www\\NewJournal\\app\\Views\\AdminPage\\manageprofile.php')
 3 SYSTEMPATH\View\View.php(231): CodeIgniter\View\View->CodeIgniter\View\{closure}()
 4 SYSTEMPATH\Common.php(1178): CodeIgniter\View\View->render('AdminPage/manageprofile', [], true)
 5 APPPATH\Controllers\AdminController.php(24): view('AdminPage/manageprofile', [...])
 6 SYSTEMPATH\CodeIgniter.php(941): App\Controllers\AdminController->manageProfile()
 7 SYSTEMPATH\CodeIgniter.php(502): CodeIgniter\CodeIgniter->runController(Object(App\Controllers\AdminController))
 8 SYSTEMPATH\CodeIgniter.php(361): CodeIgniter\CodeIgniter->handleRequest(null, Object(Config\Cache), false)
 9 FCPATH\index.php(79): CodeIgniter\CodeIgniter->run()
10 SYSTEMPATH\Commands\Server\rewrite.php(47): require_once('C:\\laragon\\www\\NewJournal\\public\\index.php')
CRITICAL - 2024-02-07 14:01:06 --> ErrorException: Undefined array key "profile_image"
in APPPATH\Views\AdminPage\manageprofile.php on line 222.
 1 APPPATH\Views\AdminPage\manageprofile.php(222): CodeIgniter\Debug\Exceptions->errorHandler(2, 'Undefined array key "profile_image"', 'C:\\laragon\\www\\NewJournal\\app\\Views\\AdminPage\\manageprofile.php', 222)
 2 SYSTEMPATH\View\View.php(228): include('C:\\laragon\\www\\NewJournal\\app\\Views\\AdminPage\\manageprofile.php')
 3 SYSTEMPATH\View\View.php(231): CodeIgniter\View\View->CodeIgniter\View\{closure}()
 4 SYSTEMPATH\Common.php(1178): CodeIgniter\View\View->render('AdminPage/manageprofile', [], true)
 5 APPPATH\Controllers\AdminController.php(24): view('AdminPage/manageprofile', [...])
 6 SYSTEMPATH\CodeIgniter.php(941): App\Controllers\AdminController->manageProfile()
 7 SYSTEMPATH\CodeIgniter.php(502): CodeIgniter\CodeIgniter->runController(Object(App\Controllers\AdminController))
 8 SYSTEMPATH\CodeIgniter.php(361): CodeIgniter\CodeIgniter->handleRequest(null, Object(Config\Cache), false)
 9 FCPATH\index.php(79): CodeIgniter\CodeIgniter->run()
10 SYSTEMPATH\Commands\Server\rewrite.php(47): require_once('C:\\laragon\\www\\NewJournal\\public\\index.php')
CRITICAL - 2024-02-07 14:01:09 --> ErrorException: Undefined array key "profile_image"
in APPPATH\Views\AdminPage\manageprofile.php on line 222.
 1 APPPATH\Views\AdminPage\manageprofile.php(222): CodeIgniter\Debug\Exceptions->errorHandler(2, 'Undefined array key "profile_image"', 'C:\\laragon\\www\\NewJournal\\app\\Views\\AdminPage\\manageprofile.php', 222)
 2 SYSTEMPATH\View\View.php(228): include('C:\\laragon\\www\\NewJournal\\app\\Views\\AdminPage\\manageprofile.php')
 3 SYSTEMPATH\View\View.php(231): CodeIgniter\View\View->CodeIgniter\View\{closure}()
 4 SYSTEMPATH\Common.php(1178): CodeIgniter\View\View->render('AdminPage/manageprofile', [], true)
 5 APPPATH\Controllers\AdminController.php(24): view('AdminPage/manageprofile', [...])
 6 SYSTEMPATH\CodeIgniter.php(941): App\Controllers\AdminController->manageProfile()
 7 SYSTEMPATH\CodeIgniter.php(502): CodeIgniter\CodeIgniter->runController(Object(App\Controllers\AdminController))
 8 SYSTEMPATH\CodeIgniter.php(361): CodeIgniter\CodeIgniter->handleRequest(null, Object(Config\Cache), false)
 9 FCPATH\index.php(79): CodeIgniter\CodeIgniter->run()
10 SYSTEMPATH\Commands\Server\rewrite.php(47): require_once('C:\\laragon\\www\\NewJournal\\public\\index.php')
CRITICAL - 2024-02-07 14:02:01 --> ErrorException: Undefined array key "profile_image"
in APPPATH\Views\AdminPage\manageprofile.php on line 222.
 1 APPPATH\Views\AdminPage\manageprofile.php(222): CodeIgniter\Debug\Exceptions->errorHandler(2, 'Undefined array key "profile_image"', 'C:\\laragon\\www\\NewJournal\\app\\Views\\AdminPage\\manageprofile.php', 222)
 2 SYSTEMPATH\View\View.php(228): include('C:\\laragon\\www\\NewJournal\\app\\Views\\AdminPage\\manageprofile.php')
 3 SYSTEMPATH\View\View.php(231): CodeIgniter\View\View->CodeIgniter\View\{closure}()
 4 SYSTEMPATH\Common.php(1178): CodeIgniter\View\View->render('AdminPage/manageprofile', [], true)
 5 APPPATH\Controllers\AdminController.php(24): view('AdminPage/manageprofile', [...])
 6 SYSTEMPATH\CodeIgniter.php(941): App\Controllers\AdminController->manageProfile()
 7 SYSTEMPATH\CodeIgniter.php(502): CodeIgniter\CodeIgniter->runController(Object(App\Controllers\AdminController))
 8 SYSTEMPATH\CodeIgniter.php(361): CodeIgniter\CodeIgniter->handleRequest(null, Object(Config\Cache), false)
 9 FCPATH\index.php(79): CodeIgniter\CodeIgniter->run()
10 SYSTEMPATH\Commands\Server\rewrite.php(47): require_once('C:\\laragon\\www\\NewJournal\\public\\index.php')
CRITICAL - 2024-02-07 14:03:49 --> ErrorException: Undefined array key "profile_image"
in APPPATH\Views\AdminPage\manageprofile.php on line 222.
 1 APPPATH\Views\AdminPage\manageprofile.php(222): CodeIgniter\Debug\Exceptions->errorHandler(2, 'Undefined array key "profile_image"', 'C:\\laragon\\www\\NewJournal\\app\\Views\\AdminPage\\manageprofile.php', 222)
 2 SYSTEMPATH\View\View.php(228): include('C:\\laragon\\www\\NewJournal\\app\\Views\\AdminPage\\manageprofile.php')
 3 SYSTEMPATH\View\View.php(231): CodeIgniter\View\View->CodeIgniter\View\{closure}()
 4 SYSTEMPATH\Common.php(1178): CodeIgniter\View\View->render('AdminPage/manageprofile', [], true)
 5 APPPATH\Controllers\AdminController.php(24): view('AdminPage/manageprofile', [...])
 6 SYSTEMPATH\CodeIgniter.php(941): App\Controllers\AdminController->manageProfile()
 7 SYSTEMPATH\CodeIgniter.php(502): CodeIgniter\CodeIgniter->runController(Object(App\Controllers\AdminController))
 8 SYSTEMPATH\CodeIgniter.php(361): CodeIgniter\CodeIgniter->handleRequest(null, Object(Config\Cache), false)
 9 FCPATH\index.php(79): CodeIgniter\CodeIgniter->run()
10 SYSTEMPATH\Commands\Server\rewrite.php(47): require_once('C:\\laragon\\www\\NewJournal\\public\\index.php')
CRITICAL - 2024-02-07 14:06:11 --> Error: Class "App\Models\UserModel" not found
in APPPATH\Controllers\AdminController.php on line 19.
 1 SYSTEMPATH\CodeIgniter.php(941): App\Controllers\AdminController->manageProfile()
 2 SYSTEMPATH\CodeIgniter.php(502): CodeIgniter\CodeIgniter->runController(Object(App\Controllers\AdminController))
 3 SYSTEMPATH\CodeIgniter.php(361): CodeIgniter\CodeIgniter->handleRequest(null, Object(Config\Cache), false)
 4 FCPATH\index.php(79): CodeIgniter\CodeIgniter->run()
 5 SYSTEMPATH\Commands\Server\rewrite.php(47): require_once('C:\\laragon\\www\\NewJournal\\public\\index.php')
CRITICAL - 2024-02-07 14:06:22 --> CodeIgniter\View\Exceptions\ViewException: Invalid file: "admin/manage_profile.php"
in SYSTEMPATH\Exceptions\FrameworkException.php on line 39.
 1 SYSTEMPATH\View\View.php(216): CodeIgniter\Exceptions\FrameworkException::forInvalidFile('admin/manage_profile.php')
 2 SYSTEMPATH\Common.php(1178): CodeIgniter\View\View->render('admin/manage_profile', [], true)
 3 APPPATH\Controllers\AdminController.php(28): view('admin/manage_profile', [...])
 4 SYSTEMPATH\CodeIgniter.php(941): App\Controllers\AdminController->manageProfile()
 5 SYSTEMPATH\CodeIgniter.php(502): CodeIgniter\CodeIgniter->runController(Object(App\Controllers\AdminController))
 6 SYSTEMPATH\CodeIgniter.php(361): CodeIgniter\CodeIgniter->handleRequest(null, Object(Config\Cache), false)
 7 FCPATH\index.php(79): CodeIgniter\CodeIgniter->run()
 8 SYSTEMPATH\Commands\Server\rewrite.php(47): require_once('C:\\laragon\\www\\NewJournal\\public\\index.php')
CRITICAL - 2024-02-07 14:06:42 --> ErrorException: Undefined array key "profile_image"
in APPPATH\Views\AdminPage\manageprofile.php on line 222.
 1 APPPATH\Views\AdminPage\manageprofile.php(222): CodeIgniter\Debug\Exceptions->errorHandler(2, 'Undefined array key "profile_image"', 'C:\\laragon\\www\\NewJournal\\app\\Views\\AdminPage\\manageprofile.php', 222)
 2 SYSTEMPATH\View\View.php(228): include('C:\\laragon\\www\\NewJournal\\app\\Views\\AdminPage\\manageprofile.php')
 3 SYSTEMPATH\View\View.php(231): CodeIgniter\View\View->CodeIgniter\View\{closure}()
 4 SYSTEMPATH\Common.php(1178): CodeIgniter\View\View->render('AdminPage/manageprofile', [], true)
 5 APPPATH\Controllers\AdminController.php(28): view('AdminPage/manageprofile', [...])
 6 SYSTEMPATH\CodeIgniter.php(941): App\Controllers\AdminController->manageProfile()
 7 SYSTEMPATH\CodeIgniter.php(502): CodeIgniter\CodeIgniter->runController(Object(App\Controllers\AdminController))
 8 SYSTEMPATH\CodeIgniter.php(361): CodeIgniter\CodeIgniter->handleRequest(null, Object(Config\Cache), false)
 9 FCPATH\index.php(79): CodeIgniter\CodeIgniter->run()
10 SYSTEMPATH\Commands\Server\rewrite.php(47): require_once('C:\\laragon\\www\\NewJournal\\public\\index.php')
CRITICAL - 2024-02-07 14:08:08 --> ErrorException: Undefined array key "profile_image"
in APPPATH\Views\AdminPage\manageprofile.php on line 222.
 1 APPPATH\Views\AdminPage\manageprofile.php(222): CodeIgniter\Debug\Exceptions->errorHandler(2, 'Undefined array key "profile_image"', 'C:\\laragon\\www\\NewJournal\\app\\Views\\AdminPage\\manageprofile.php', 222)
 2 SYSTEMPATH\View\View.php(228): include('C:\\laragon\\www\\NewJournal\\app\\Views\\AdminPage\\manageprofile.php')
 3 SYSTEMPATH\View\View.php(231): CodeIgniter\View\View->CodeIgniter\View\{closure}()
 4 SYSTEMPATH\Common.php(1178): CodeIgniter\View\View->render('AdminPage/manageprofile', [], true)
 5 APPPATH\Controllers\AdminController.php(28): view('AdminPage/manageprofile', [...])
 6 SYSTEMPATH\CodeIgniter.php(941): App\Controllers\AdminController->manageProfile()
 7 SYSTEMPATH\CodeIgniter.php(502): CodeIgniter\CodeIgniter->runController(Object(App\Controllers\AdminController))
 8 SYSTEMPATH\CodeIgniter.php(361): CodeIgniter\CodeIgniter->handleRequest(null, Object(Config\Cache), false)
 9 FCPATH\index.php(79): CodeIgniter\CodeIgniter->run()
10 SYSTEMPATH\Commands\Server\rewrite.php(47): require_once('C:\\laragon\\www\\NewJournal\\public\\index.php')
CRITICAL - 2024-02-07 14:10:48 --> ErrorException: Undefined array key "profile_image"
in APPPATH\Views\AdminPage\manageprofile.php on line 220.
 1 APPPATH\Views\AdminPage\manageprofile.php(220): CodeIgniter\Debug\Exceptions->errorHandler(2, 'Undefined array key "profile_image"', 'C:\\laragon\\www\\NewJournal\\app\\Views\\AdminPage\\manageprofile.php', 220)
 2 SYSTEMPATH\View\View.php(228): include('C:\\laragon\\www\\NewJournal\\app\\Views\\AdminPage\\manageprofile.php')
 3 SYSTEMPATH\View\View.php(231): CodeIgniter\View\View->CodeIgniter\View\{closure}()
 4 SYSTEMPATH\Common.php(1178): CodeIgniter\View\View->render('AdminPage/manageprofile', [], true)
 5 APPPATH\Controllers\AdminController.php(28): view('AdminPage/manageprofile', [...])
 6 SYSTEMPATH\CodeIgniter.php(941): App\Controllers\AdminController->manageProfile()
 7 SYSTEMPATH\CodeIgniter.php(502): CodeIgniter\CodeIgniter->runController(Object(App\Controllers\AdminController))
 8 SYSTEMPATH\CodeIgniter.php(361): CodeIgniter\CodeIgniter->handleRequest(null, Object(Config\Cache), false)
 9 FCPATH\index.php(79): CodeIgniter\CodeIgniter->run()
10 SYSTEMPATH\Commands\Server\rewrite.php(47): require_once('C:\\laragon\\www\\NewJournal\\public\\index.php')
CRITICAL - 2024-02-07 14:11:56 --> ErrorException: Undefined array key "profile_image"
in APPPATH\Views\AdminPage\manageprofile.php on line 220.
 1 APPPATH\Views\AdminPage\manageprofile.php(220): CodeIgniter\Debug\Exceptions->errorHandler(2, 'Undefined array key "profile_image"', 'C:\\laragon\\www\\NewJournal\\app\\Views\\AdminPage\\manageprofile.php', 220)
 2 SYSTEMPATH\View\View.php(228): include('C:\\laragon\\www\\NewJournal\\app\\Views\\AdminPage\\manageprofile.php')
 3 SYSTEMPATH\View\View.php(231): CodeIgniter\View\View->CodeIgniter\View\{closure}()
 4 SYSTEMPATH\Common.php(1178): CodeIgniter\View\View->render('AdminPage/manageprofile', [], true)
 5 APPPATH\Controllers\AdminController.php(28): view('AdminPage/manageprofile', [...])
 6 SYSTEMPATH\CodeIgniter.php(941): App\Controllers\AdminController->manageProfile()
 7 SYSTEMPATH\CodeIgniter.php(502): CodeIgniter\CodeIgniter->runController(Object(App\Controllers\AdminController))
 8 SYSTEMPATH\CodeIgniter.php(361): CodeIgniter\CodeIgniter->handleRequest(null, Object(Config\Cache), false)
 9 FCPATH\index.php(79): CodeIgniter\CodeIgniter->run()
10 SYSTEMPATH\Commands\Server\rewrite.php(47): require_once('C:\\laragon\\www\\NewJournal\\public\\index.php')
CRITICAL - 2024-02-07 14:13:07 --> ErrorException: Undefined array key "profile_image"
in APPPATH\Views\AdminPage\manageprofile.php on line 220.
 1 APPPATH\Views\AdminPage\manageprofile.php(220): CodeIgniter\Debug\Exceptions->errorHandler(2, 'Undefined array key "profile_image"', 'C:\\laragon\\www\\NewJournal\\app\\Views\\AdminPage\\manageprofile.php', 220)
 2 SYSTEMPATH\View\View.php(228): include('C:\\laragon\\www\\NewJournal\\app\\Views\\AdminPage\\manageprofile.php')
 3 SYSTEMPATH\View\View.php(231): CodeIgniter\View\View->CodeIgniter\View\{closure}()
 4 SYSTEMPATH\Common.php(1178): CodeIgniter\View\View->render('AdminPage/manageprofile', [], true)
 5 APPPATH\Controllers\AdminController.php(28): view('AdminPage/manageprofile', [...])
 6 SYSTEMPATH\CodeIgniter.php(941): App\Controllers\AdminController->manageProfile()
 7 SYSTEMPATH\CodeIgniter.php(502): CodeIgniter\CodeIgniter->runController(Object(App\Controllers\AdminController))
 8 SYSTEMPATH\CodeIgniter.php(361): CodeIgniter\CodeIgniter->handleRequest(null, Object(Config\Cache), false)
 9 FCPATH\index.php(79): CodeIgniter\CodeIgniter->run()
10 SYSTEMPATH\Commands\Server\rewrite.php(47): require_once('C:\\laragon\\www\\NewJournal\\public\\index.php')
CRITICAL - 2024-02-07 14:13:35 --> ErrorException: Undefined array key "profile_image"
in APPPATH\Views\AdminPage\manageprofile.php on line 220.
 1 APPPATH\Views\AdminPage\manageprofile.php(220): CodeIgniter\Debug\Exceptions->errorHandler(2, 'Undefined array key "profile_image"', 'C:\\laragon\\www\\NewJournal\\app\\Views\\AdminPage\\manageprofile.php', 220)
 2 SYSTEMPATH\View\View.php(228): include('C:\\laragon\\www\\NewJournal\\app\\Views\\AdminPage\\manageprofile.php')
 3 SYSTEMPATH\View\View.php(231): CodeIgniter\View\View->CodeIgniter\View\{closure}()
 4 SYSTEMPATH\Common.php(1178): CodeIgniter\View\View->render('AdminPage/manageprofile', [], true)
 5 APPPATH\Controllers\AdminController.php(28): view('AdminPage/manageprofile', [...])
 6 SYSTEMPATH\CodeIgniter.php(941): App\Controllers\AdminController->manageProfile()
 7 SYSTEMPATH\CodeIgniter.php(502): CodeIgniter\CodeIgniter->runController(Object(App\Controllers\AdminController))
 8 SYSTEMPATH\CodeIgniter.php(361): CodeIgniter\CodeIgniter->handleRequest(null, Object(Config\Cache), false)
 9 FCPATH\index.php(79): CodeIgniter\CodeIgniter->run()
10 SYSTEMPATH\Commands\Server\rewrite.php(47): require_once('C:\\laragon\\www\\NewJournal\\public\\index.php')
CRITICAL - 2024-02-07 14:13:52 --> ErrorException: Undefined array key "profile_image"
in APPPATH\Views\AdminPage\manageprofile.php on line 220.
 1 APPPATH\Views\AdminPage\manageprofile.php(220): CodeIgniter\Debug\Exceptions->errorHandler(2, 'Undefined array key "profile_image"', 'C:\\laragon\\www\\NewJournal\\app\\Views\\AdminPage\\manageprofile.php', 220)
 2 SYSTEMPATH\View\View.php(228): include('C:\\laragon\\www\\NewJournal\\app\\Views\\AdminPage\\manageprofile.php')
 3 SYSTEMPATH\View\View.php(231): CodeIgniter\View\View->CodeIgniter\View\{closure}()
 4 SYSTEMPATH\Common.php(1178): CodeIgniter\View\View->render('AdminPage/manageprofile', [], true)
 5 APPPATH\Controllers\AdminController.php(28): view('AdminPage/manageprofile', [...])
 6 SYSTEMPATH\CodeIgniter.php(941): App\Controllers\AdminController->manageProfile()
 7 SYSTEMPATH\CodeIgniter.php(502): CodeIgniter\CodeIgniter->runController(Object(App\Controllers\AdminController))
 8 SYSTEMPATH\CodeIgniter.php(361): CodeIgniter\CodeIgniter->handleRequest(null, Object(Config\Cache), false)
 9 FCPATH\index.php(79): CodeIgniter\CodeIgniter->run()
10 SYSTEMPATH\Commands\Server\rewrite.php(47): require_once('C:\\laragon\\www\\NewJournal\\public\\index.php')
CRITICAL - 2024-02-07 14:16:30 --> ErrorException: Undefined variable $userData
in APPPATH\Views\AdminPage\manageprofile.php on line 220.
 1 APPPATH\Views\AdminPage\manageprofile.php(220): CodeIgniter\Debug\Exceptions->errorHandler(2, 'Undefined variable $userData', 'C:\\laragon\\www\\NewJournal\\app\\Views\\AdminPage\\manageprofile.php', 220)
 2 SYSTEMPATH\View\View.php(228): include('C:\\laragon\\www\\NewJournal\\app\\Views\\AdminPage\\manageprofile.php')
 3 SYSTEMPATH\View\View.php(231): CodeIgniter\View\View->CodeIgniter\View\{closure}()
 4 SYSTEMPATH\Common.php(1178): CodeIgniter\View\View->render('AdminPage/manageprofile', [], true)
 5 APPPATH\Controllers\AdminController.php(28): view('AdminPage/manageprofile', [...])
 6 SYSTEMPATH\CodeIgniter.php(941): App\Controllers\AdminController->manageProfile()
 7 SYSTEMPATH\CodeIgniter.php(502): CodeIgniter\CodeIgniter->runController(Object(App\Controllers\AdminController))
 8 SYSTEMPATH\CodeIgniter.php(361): CodeIgniter\CodeIgniter->handleRequest(null, Object(Config\Cache), false)
 9 FCPATH\index.php(79): CodeIgniter\CodeIgniter->run()
10 SYSTEMPATH\Commands\Server\rewrite.php(47): require_once('C:\\laragon\\www\\NewJournal\\public\\index.php')
CRITICAL - 2024-02-07 14:19:04 --> Error: Undefined constant "App\Controllers\use\App\Models\UsersModel"
in APPPATH\Controllers\AdminController.php on line 7.
 1 SYSTEMPATH\Autoloader\Autoloader.php(309): include_once()
 2 SYSTEMPATH\Autoloader\Autoloader.php(288): CodeIgniter\Autoloader\Autoloader->includeFile('C:\\laragon\\www\\NewJournal\\app\\Controllers\\AdminController.php')
 3 SYSTEMPATH\Autoloader\Autoloader.php(266): CodeIgniter\Autoloader\Autoloader->loadInNamespace('App\\Controllers\\AdminController')
 4 [internal function]: CodeIgniter\Autoloader\Autoloader->loadClass('App\\Controllers\\AdminController')
 5 SYSTEMPATH\CodeIgniter.php(899): class_exists('\\App\\Controllers\\AdminController', true)
 6 SYSTEMPATH\CodeIgniter.php(489): CodeIgniter\CodeIgniter->startController()
 7 SYSTEMPATH\CodeIgniter.php(361): CodeIgniter\CodeIgniter->handleRequest(null, Object(Config\Cache), false)
 8 FCPATH\index.php(79): CodeIgniter\CodeIgniter->run()
 9 SYSTEMPATH\Commands\Server\rewrite.php(47): require_once('C:\\laragon\\www\\NewJournal\\public\\index.php')
CRITICAL - 2024-02-07 14:28:54 --> ErrorException: Undefined array key "profile_image"
in APPPATH\Views\AdminPage\manageprofile.php on line 220.
 1 APPPATH\Views\AdminPage\manageprofile.php(220): CodeIgniter\Debug\Exceptions->errorHandler(2, 'Undefined array key "profile_image"', 'C:\\laragon\\www\\NewJournal\\app\\Views\\AdminPage\\manageprofile.php', 220)
 2 SYSTEMPATH\View\View.php(228): include('C:\\laragon\\www\\NewJournal\\app\\Views\\AdminPage\\manageprofile.php')
 3 SYSTEMPATH\View\View.php(231): CodeIgniter\View\View->CodeIgniter\View\{closure}()
 4 SYSTEMPATH\Common.php(1178): CodeIgniter\View\View->render('AdminPage/manageprofile', [], true)
 5 APPPATH\Controllers\AdminController.php(26): view('AdminPage/manageprofile', [...])
 6 SYSTEMPATH\CodeIgniter.php(941): App\Controllers\AdminController->manageProfile()
 7 SYSTEMPATH\CodeIgniter.php(502): CodeIgniter\CodeIgniter->runController(Object(App\Controllers\AdminController))
 8 SYSTEMPATH\CodeIgniter.php(361): CodeIgniter\CodeIgniter->handleRequest(null, Object(Config\Cache), false)
 9 FCPATH\index.php(79): CodeIgniter\CodeIgniter->run()
10 SYSTEMPATH\Commands\Server\rewrite.php(47): require_once('C:\\laragon\\www\\NewJournal\\public\\index.php')
CRITICAL - 2024-02-07 14:30:52 --> ErrorException: Undefined array key "profile_image"
in APPPATH\Views\AdminPage\manageprofile.php on line 220.
 1 APPPATH\Views\AdminPage\manageprofile.php(220): CodeIgniter\Debug\Exceptions->errorHandler(2, 'Undefined array key "profile_image"', 'C:\\laragon\\www\\NewJournal\\app\\Views\\AdminPage\\manageprofile.php', 220)
 2 SYSTEMPATH\View\View.php(228): include('C:\\laragon\\www\\NewJournal\\app\\Views\\AdminPage\\manageprofile.php')
 3 SYSTEMPATH\View\View.php(231): CodeIgniter\View\View->CodeIgniter\View\{closure}()
 4 SYSTEMPATH\Common.php(1178): CodeIgniter\View\View->render('AdminPage/manageprofile', [], true)
 5 APPPATH\Controllers\AdminController.php(26): view('AdminPage/manageprofile', [...])
 6 SYSTEMPATH\CodeIgniter.php(941): App\Controllers\AdminController->manageProfile()
 7 SYSTEMPATH\CodeIgniter.php(502): CodeIgniter\CodeIgniter->runController(Object(App\Controllers\AdminController))
 8 SYSTEMPATH\CodeIgniter.php(361): CodeIgniter\CodeIgniter->handleRequest(null, Object(Config\Cache), false)
 9 FCPATH\index.php(79): CodeIgniter\CodeIgniter->run()
10 SYSTEMPATH\Commands\Server\rewrite.php(47): require_once('C:\\laragon\\www\\NewJournal\\public\\index.php')
CRITICAL - 2024-02-07 16:36:36 --> ParseError: Unterminated comment starting line 23
in APPPATH\Config\Routes.php on line 23.
 1 SYSTEMPATH\CodeIgniter.php(810): CodeIgniter\Router\RouteCollection->loadRoutes()
 2 SYSTEMPATH\CodeIgniter.php(450): CodeIgniter\CodeIgniter->tryToRouteIt(null)
 3 SYSTEMPATH\CodeIgniter.php(361): CodeIgniter\CodeIgniter->handleRequest(null, Object(Config\Cache), false)
 4 FCPATH\index.php(79): CodeIgniter\CodeIgniter->run()
 5 SYSTEMPATH\Commands\Server\rewrite.php(47): require_once('C:\\laragon\\www\\NewJournal\\public\\index.php')
CRITICAL - 2024-02-07 16:38:06 --> Error: Class "Router\BaseConfig" not found
in APPPATH\Config\Routes.php on line 8.
 1 SYSTEMPATH\Router\RouteCollection.php(344): require()
 2 SYSTEMPATH\CodeIgniter.php(810): CodeIgniter\Router\RouteCollection->loadRoutes()
 3 SYSTEMPATH\CodeIgniter.php(450): CodeIgniter\CodeIgniter->tryToRouteIt(null)
 4 SYSTEMPATH\CodeIgniter.php(361): CodeIgniter\CodeIgniter->handleRequest(null, Object(Config\Cache), false)
 5 FCPATH\index.php(79): CodeIgniter\CodeIgniter->run()
 6 SYSTEMPATH\Commands\Server\rewrite.php(47): require_once('C:\\laragon\\www\\NewJournal\\public\\index.php')
CRITICAL - 2024-02-07 16:38:07 --> Error: Class "Router\BaseConfig" not found
in APPPATH\Config\Routes.php on line 8.
 1 SYSTEMPATH\Router\RouteCollection.php(344): require()
 2 SYSTEMPATH\CodeIgniter.php(810): CodeIgniter\Router\RouteCollection->loadRoutes()
 3 SYSTEMPATH\CodeIgniter.php(450): CodeIgniter\CodeIgniter->tryToRouteIt(null)
 4 SYSTEMPATH\CodeIgniter.php(361): CodeIgniter\CodeIgniter->handleRequest(null, Object(Config\Cache), false)
 5 FCPATH\index.php(79): CodeIgniter\CodeIgniter->run()
 6 SYSTEMPATH\Commands\Server\rewrite.php(47): require_once('C:\\laragon\\www\\NewJournal\\public\\index.php')
CRITICAL - 2024-02-07 16:46:59 --> TypeError: CodeIgniter\Router\RouteCollection::post(): Argument #3 ($options) must be of type ?array, string given, called in C:\laragon\www\NewJournal\app\Config\Routes.php on line 11
in SYSTEMPATH\Router\RouteCollection.php on line 1029.
 1 APPPATH\Config\Routes.php(11): CodeIgniter\Router\RouteCollection->post('authenticate', 'UserController::login', 'GET/POST')
 2 SYSTEMPATH\Router\RouteCollection.php(344): require('C:\\laragon\\www\\NewJournal\\app\\Config\\Routes.php')
 3 SYSTEMPATH\CodeIgniter.php(810): CodeIgniter\Router\RouteCollection->loadRoutes()
 4 SYSTEMPATH\CodeIgniter.php(450): CodeIgniter\CodeIgniter->tryToRouteIt(null)
 5 SYSTEMPATH\CodeIgniter.php(361): CodeIgniter\CodeIgniter->handleRequest(null, Object(Config\Cache), false)
 6 FCPATH\index.php(79): CodeIgniter\CodeIgniter->run()
 7 SYSTEMPATH\Commands\Server\rewrite.php(47): require_once('C:\\laragon\\www\\NewJournal\\public\\index.php')
CRITICAL - 2024-02-07 16:47:01 --> TypeError: CodeIgniter\Router\RouteCollection::post(): Argument #3 ($options) must be of type ?array, string given, called in C:\laragon\www\NewJournal\app\Config\Routes.php on line 11
in SYSTEMPATH\Router\RouteCollection.php on line 1029.
 1 APPPATH\Config\Routes.php(11): CodeIgniter\Router\RouteCollection->post('authenticate', 'UserController::login', 'GET/POST')
 2 SYSTEMPATH\Router\RouteCollection.php(344): require('C:\\laragon\\www\\NewJournal\\app\\Config\\Routes.php')
 3 SYSTEMPATH\CodeIgniter.php(810): CodeIgniter\Router\RouteCollection->loadRoutes()
 4 SYSTEMPATH\CodeIgniter.php(450): CodeIgniter\CodeIgniter->tryToRouteIt(null)
 5 SYSTEMPATH\CodeIgniter.php(361): CodeIgniter\CodeIgniter->handleRequest(null, Object(Config\Cache), false)
 6 FCPATH\index.php(79): CodeIgniter\CodeIgniter->run()
 7 SYSTEMPATH\Commands\Server\rewrite.php(47): require_once('C:\\laragon\\www\\NewJournal\\public\\index.php')
CRITICAL - 2024-02-07 16:47:02 --> TypeError: CodeIgniter\Router\RouteCollection::post(): Argument #3 ($options) must be of type ?array, string given, called in C:\laragon\www\NewJournal\app\Config\Routes.php on line 11
in SYSTEMPATH\Router\RouteCollection.php on line 1029.
 1 APPPATH\Config\Routes.php(11): CodeIgniter\Router\RouteCollection->post('authenticate', 'UserController::login', 'GET/POST')
 2 SYSTEMPATH\Router\RouteCollection.php(344): require('C:\\laragon\\www\\NewJournal\\app\\Config\\Routes.php')
 3 SYSTEMPATH\CodeIgniter.php(810): CodeIgniter\Router\RouteCollection->loadRoutes()
 4 SYSTEMPATH\CodeIgniter.php(450): CodeIgniter\CodeIgniter->tryToRouteIt(null)
 5 SYSTEMPATH\CodeIgniter.php(361): CodeIgniter\CodeIgniter->handleRequest(null, Object(Config\Cache), false)
 6 FCPATH\index.php(79): CodeIgniter\CodeIgniter->run()
 7 SYSTEMPATH\Commands\Server\rewrite.php(47): require_once('C:\\laragon\\www\\NewJournal\\public\\index.php')
CRITICAL - 2024-02-07 16:56:26 --> ErrorException: Undefined variable $router
in APPPATH\Config\Routes.php on line 12.
 1 APPPATH\Config\Routes.php(12): CodeIgniter\Debug\Exceptions->errorHandler(2, 'Undefined variable $router', 'C:\\laragon\\www\\NewJournal\\app\\Config\\Routes.php', 12)
 2 SYSTEMPATH\Router\RouteCollection.php(344): require('C:\\laragon\\www\\NewJournal\\app\\Config\\Routes.php')
 3 SYSTEMPATH\CodeIgniter.php(810): CodeIgniter\Router\RouteCollection->loadRoutes()
 4 SYSTEMPATH\CodeIgniter.php(450): CodeIgniter\CodeIgniter->tryToRouteIt(null)
 5 SYSTEMPATH\CodeIgniter.php(361): CodeIgniter\CodeIgniter->handleRequest(null, Object(Config\Cache), false)
 6 FCPATH\index.php(79): CodeIgniter\CodeIgniter->run()
 7 SYSTEMPATH\Commands\Server\rewrite.php(47): require_once('C:\\laragon\\www\\NewJournal\\public\\index.php')
CRITICAL - 2024-02-07 16:56:54 --> ErrorException: Undefined variable $router
in APPPATH\Config\Routes.php on line 12.
 1 APPPATH\Config\Routes.php(12): CodeIgniter\Debug\Exceptions->errorHandler(2, 'Undefined variable $router', 'C:\\laragon\\www\\NewJournal\\app\\Config\\Routes.php', 12)
 2 SYSTEMPATH\Router\RouteCollection.php(344): require('C:\\laragon\\www\\NewJournal\\app\\Config\\Routes.php')
 3 SYSTEMPATH\CodeIgniter.php(810): CodeIgniter\Router\RouteCollection->loadRoutes()
 4 SYSTEMPATH\CodeIgniter.php(450): CodeIgniter\CodeIgniter->tryToRouteIt(null)
 5 SYSTEMPATH\CodeIgniter.php(361): CodeIgniter\CodeIgniter->handleRequest(null, Object(Config\Cache), false)
 6 FCPATH\index.php(79): CodeIgniter\CodeIgniter->run()
 7 SYSTEMPATH\Commands\Server\rewrite.php(47): require_once('C:\\laragon\\www\\NewJournal\\public\\index.php')
